2023-11-05 19:12:48,516 [INFO] Activator:176 - 


2023-11-05 19:12:48,523 [INFO] Activator:177 - !SESSION log4j initialized
2023-11-05 19:12:53,913 [INFO] LogOutputStream:77 - [STDOUT_REDIRECT] 
2023-11-05 19:12:55,436 [INFO] ApplicationProperties:184 - Using Application install path: C:\Program Files (x86)\STM32CubeIDE_1.13.1\STM32CubeIDE\plugins\com.st.stm32cube.common.mx_6.9.1.202307191849
2023-11-05 19:12:55,456 [INFO] DbMcusXml:78 - Set database path to: C:\Program Files (x86)\STM32CubeIDE_1.13.1\STM32CubeIDE\plugins\com.st.stm32cube.common.mx_6.9.1.202307191849\\db\/mcu/
2023-11-05 19:12:55,457 [INFO] ApiDb:274 - Set plugin database path to: C:\Program Files (x86)\STM32CubeIDE_1.13.1\STM32CubeIDE\plugins\com.st.stm32cube.common.mx_6.9.1.202307191849\\db\/plugins/boardmanager/
2023-11-05 19:12:55,457 [WARN] ApiDb:259 - Overriding images path with different value:  => C:\Program Files (x86)\STM32CubeIDE_1.13.1\STM32CubeIDE\plugins\com.st.stm32cube.common.mx_6.9.1.202307191849\\db\/plugins/mcufinder/images/
2023-11-05 19:12:55,477 [INFO] ApiDb:250 - Set database path to: C:\Users\DELL\.stmcufinder\plugins\mcufinder//mcu/
2023-11-05 19:12:55,478 [INFO] DbMcusAds:125 - Set database path to: C:\Users\DELL\.stmcufinder\plugins\mcufinder//mcu/
2023-11-05 19:12:55,480 [INFO] CrossReferenceDbSqlite:203 - Set database path to: C:\Users\DELL\.stmcufinder\plugins\mcufinder//mcu/cs/
2023-11-05 19:12:55,599 [INFO] RulesReader:64 - Compatibility file has been processed (293 Rules)
2023-11-05 19:12:55,678 [INFO] DbMcusXml:78 - Set database path to: C:\Program Files (x86)\STM32CubeIDE_1.13.1\STM32CubeIDE\plugins\com.st.stm32cube.common.mx_6.9.1.202307191849\\db\/mcu/
2023-11-05 19:12:55,678 [INFO] ApiDb:274 - Set plugin database path to: C:\Program Files (x86)\STM32CubeIDE_1.13.1\STM32CubeIDE\plugins\com.st.stm32cube.common.mx_6.9.1.202307191849\\db\/plugins/boardmanager/
2023-11-05 19:12:55,679 [INFO] ApiDb:261 - Set plugin images path to: C:\Program Files (x86)\STM32CubeIDE_1.13.1\STM32CubeIDE\plugins\com.st.stm32cube.common.mx_6.9.1.202307191849\\db\/plugins/mcufinder/images/
2023-11-05 19:12:55,679 [WARN] DbFile:41 - Overriding database path with different value: C:\Users\DELL\.stmcufinder\plugins\mcufinder/ => C:\Users\DELL\.stmcufinder\plugins\mcufinder
2023-11-05 19:12:55,679 [INFO] ApiDb:250 - Set database path to: C:\Users\DELL\.stmcufinder\plugins\mcufinder//mcu/
2023-11-05 19:12:55,679 [WARN] DbFile:41 - Overriding database path with different value: C:\Users\DELL\.stmcufinder\plugins\mcufinder/ => C:\Users\DELL\.stmcufinder\plugins\mcufinder
2023-11-05 19:12:55,679 [INFO] DbMcusAds:125 - Set database path to: C:\Users\DELL\.stmcufinder\plugins\mcufinder//mcu/
2023-11-05 19:12:55,679 [WARN] DbFile:41 - Overriding database path with different value: C:\Users\DELL\.stmcufinder\plugins\mcufinder/ => C:\Users\DELL\.stmcufinder\plugins\mcufinder
2023-11-05 19:12:55,679 [WARN] DbFile:41 - Overriding database path with different value: C:\Users\DELL\.stmcufinder\plugins\mcufinder/ => C:\Users\DELL\.stmcufinder\plugins\mcufinder
2023-11-05 19:12:55,679 [INFO] CrossReferenceDbSqlite:203 - Set database path to: C:\Users\DELL\.stmcufinder\plugins\mcufinder//mcu/cs/
2023-11-05 19:12:55,754 [INFO] MainPanel:262 - HeapMemory: 268435456
2023-11-05 19:12:55,853 [INFO] DbMcusXml:78 - Set database path to: C:\Program Files (x86)\STM32CubeIDE_1.13.1\STM32CubeIDE\plugins\com.st.stm32cube.common.mx_6.9.1.202307191849\\db\/mcu/
2023-11-05 19:12:55,853 [INFO] ApiDb:274 - Set plugin database path to: C:\Program Files (x86)\STM32CubeIDE_1.13.1\STM32CubeIDE\plugins\com.st.stm32cube.common.mx_6.9.1.202307191849\\db\/plugins/boardmanager/
2023-11-05 19:12:55,853 [INFO] ApiDb:261 - Set plugin images path to: C:\Program Files (x86)\STM32CubeIDE_1.13.1\STM32CubeIDE\plugins\com.st.stm32cube.common.mx_6.9.1.202307191849\\db\/plugins/mcufinder/images/
2023-11-05 19:12:55,855 [WARN] DbFile:41 - Overriding database path with different value: C:\Users\DELL\.stmcufinder\plugins\mcufinder/ => C:\Users\DELL\.stmcufinder\plugins\mcufinder
2023-11-05 19:12:55,855 [INFO] ApiDb:250 - Set database path to: C:\Users\DELL\.stmcufinder\plugins\mcufinder//mcu/
2023-11-05 19:12:55,855 [WARN] DbFile:41 - Overriding database path with different value: C:\Users\DELL\.stmcufinder\plugins\mcufinder/ => C:\Users\DELL\.stmcufinder\plugins\mcufinder
2023-11-05 19:12:55,855 [INFO] DbMcusAds:125 - Set database path to: C:\Users\DELL\.stmcufinder\plugins\mcufinder//mcu/
2023-11-05 19:12:55,855 [WARN] DbFile:41 - Overriding database path with different value: C:\Users\DELL\.stmcufinder\plugins\mcufinder/ => C:\Users\DELL\.stmcufinder\plugins\mcufinder
2023-11-05 19:12:55,855 [WARN] DbFile:41 - Overriding database path with different value: C:\Users\DELL\.stmcufinder\plugins\mcufinder/ => C:\Users\DELL\.stmcufinder\plugins\mcufinder
2023-11-05 19:12:55,855 [INFO] CrossReferenceDbSqlite:203 - Set database path to: C:\Users\DELL\.stmcufinder\plugins\mcufinder//mcu/cs/
2023-11-05 19:12:55,873 [INFO] ApplicationProperties:184 - Using Application install path: C:\Program Files (x86)\STM32CubeIDE_1.13.1\STM32CubeIDE\plugins\com.st.stm32cube.common.mx_6.9.1.202307191849
2023-11-05 19:12:55,874 [INFO] PluginManage:196 - Search for loadable plugins [exclusion list=, ]
2023-11-05 19:12:55,876 [INFO] PluginManage:310 - Check plugin analytics
2023-11-05 19:12:56,026 [INFO] AnalyticsPlugin:253 - Accepted Software Licenses: 
2023-11-05 19:12:56,026 [INFO] AnalyticsPlugin:255 - Accepted CMSIS Pack Licenses: 
2023-11-05 19:12:56,026 [INFO] AnalyticsPlugin:257 - Accepted Firmware Licenses: 
2023-11-05 19:12:56,028 [INFO] PluginManage:359 - Loaded plugin analytics (category:tool,tabindex:-1)
2023-11-05 19:12:56,029 [INFO] PluginManage:310 - Check plugin cadmodel
2023-11-05 19:12:56,043 [INFO] CADModel:105 - Init CAD model plugin
2023-11-05 19:12:56,043 [INFO] PluginManage:359 - Loaded plugin cadmodel (category:power,tabindex:5)
2023-11-05 19:12:56,043 [INFO] PluginManage:310 - Check plugin clock
2023-11-05 19:12:56,060 [INFO] PluginManage:359 - Loaded plugin clock (category:base,tabindex:2)
2023-11-05 19:12:56,060 [INFO] PluginManage:310 - Check plugin ddr
2023-11-05 19:12:56,064 [INFO] PluginManage:359 - Loaded plugin ddr (category:tool,tabindex:6)
2023-11-05 19:12:56,064 [INFO] PluginManage:310 - Check plugin filemanager
2023-11-05 19:12:56,180 [INFO] PluginManage:359 - Loaded plugin filemanager (category:base,tabindex:10)
2023-11-05 19:12:56,181 [INFO] PluginManage:310 - Check plugin ipmanager
2023-11-05 19:12:56,188 [INFO] PluginManage:359 - Loaded plugin ipmanager (category:base,tabindex:5)
2023-11-05 19:12:56,188 [INFO] PluginManage:310 - Check plugin lpbam
2023-11-05 19:12:56,202 [INFO] PluginManage:359 - Loaded plugin lpbam (category:base,tabindex:0)
2023-11-05 19:12:56,202 [INFO] PluginManage:310 - Check plugin memorymap
2023-11-05 19:12:56,222 [INFO] PluginManage:359 - Loaded plugin memorymap (category:base,tabindex:4)
2023-11-05 19:12:56,222 [INFO] PluginManage:310 - Check plugin pinoutandconfiguration
2023-11-05 19:12:56,236 [INFO] PluginManage:359 - Loaded plugin pinoutandconfiguration (category:base,tabindex:1)
2023-11-05 19:12:56,236 [INFO] PluginManage:310 - Check plugin pinoutconfig
2023-11-05 19:12:56,331 [WARN] SupportedApi:132 - Cannot load RTOS API schema: s4s-elt-must-match.1: The content of 'definitions' must match (annotation?, (simpleType | complexType)?, (unique | key | keyref)*)). A problem was found starting at: attribute.
2023-11-05 19:12:56,456 [INFO] PluginManage:359 - Loaded plugin pinoutconfig (category:base,tabindex:0)
2023-11-05 19:12:56,456 [INFO] PluginManage:310 - Check plugin power
2023-11-05 19:12:56,475 [INFO] PluginManage:359 - Loaded plugin power (category:power,tabindex:4)
2023-11-05 19:12:56,476 [INFO] PluginManage:310 - Check plugin projectmanager
2023-11-05 19:12:56,488 [INFO] PluginManage:359 - Loaded plugin projectmanager (category:projectmanager,tabindex:3)
2023-11-05 19:12:56,489 [INFO] PluginManage:310 - Check plugin thirdparty
2023-11-05 19:12:56,769 [INFO] PluginManage:359 - Loaded plugin thirdparty (category:base,tabindex:-1)
2023-11-05 19:12:56,769 [WARN] IntegrityCheckThread:84 - waiting for thirdparty lock release [integrity check]
2023-11-05 19:12:56,769 [INFO] PluginManage:310 - Check plugin tools
2023-11-05 19:12:56,769 [INFO] IntegrityCheckThread:86 - entering critical section [integrity check]
2023-11-05 19:12:56,770 [INFO] ThirdPartyUpdaterWithRetryManager:70 - Updater plugin not ready yet. [1/15]
2023-11-05 19:12:56,814 [INFO] PluginManage:359 - Loaded plugin tools (category:base,tabindex:7)
2023-11-05 19:12:56,814 [INFO] PluginManage:310 - Check plugin tutovideos
2023-11-05 19:12:57,020 [INFO] PluginManage:359 - Loaded plugin tutovideos (category:base,tabindex:-1)
2023-11-05 19:12:57,020 [INFO] PluginManage:310 - Check plugin updater
2023-11-05 19:12:57,032 [INFO] PluginManage:359 - Loaded plugin updater (category:base,tabindex:12)
2023-11-05 19:12:57,032 [INFO] PluginManage:310 - Check plugin userauth
2023-11-05 19:12:57,038 [INFO] UserAuth:113 - Init User Auth plugin
2023-11-05 19:12:57,038 [INFO] PluginManage:359 - Loaded plugin userauth (category:base,tabindex:14)
2023-11-05 19:12:57,038 [INFO] PluginManage:283 - PluginManage : Loaded plugins [17]
2023-11-05 19:12:57,256 [INFO] PinOutPanel:1499 - setPackage(No Configuration,No Configuration)
2023-11-05 19:12:57,356 [INFO] CADModel:165 - CPN selected for project level
2023-11-05 19:12:57,356 [INFO] CADModel:114 - Register for checkConnection events
2023-11-05 19:12:57,381 [INFO] IPUIPlugin:80 - create IPUIPlugin
2023-11-05 19:12:57,381 [INFO] PluginManager:220 - loadIPPluginJar : add adc
2023-11-05 19:12:57,406 [INFO] IPUIPlugin:80 - create IPUIPlugin
2023-11-05 19:12:57,406 [INFO] PluginManager:220 - loadIPPluginJar : add aes
2023-11-05 19:12:57,437 [INFO] IPUIPlugin:80 - create IPUIPlugin
2023-11-05 19:12:57,437 [INFO] PluginManager:220 - loadIPPluginJar : add can
2023-11-05 19:12:57,454 [INFO] IPUIPlugin:80 - create IPUIPlugin
2023-11-05 19:12:57,454 [INFO] PluginManager:220 - loadIPPluginJar : add comp
2023-11-05 19:12:57,480 [INFO] IPUIPlugin:80 - create IPUIPlugin
2023-11-05 19:12:57,480 [INFO] PluginManager:220 - loadIPPluginJar : add cryp
2023-11-05 19:12:57,506 [INFO] IPUIPlugin:80 - create IPUIPlugin
2023-11-05 19:12:57,506 [INFO] PluginManager:220 - loadIPPluginJar : add dfsdm
2023-11-05 19:12:57,519 [INFO] IPUIPlugin:80 - create IPUIPlugin
2023-11-05 19:12:57,520 [INFO] PluginManager:220 - loadIPPluginJar : add dma
2023-11-05 19:12:57,555 [INFO] IPUIPlugin:80 - create IPUIPlugin
2023-11-05 19:12:57,555 [INFO] PluginManager:220 - loadIPPluginJar : add dma3
2023-11-05 19:12:57,571 [INFO] IPUIPlugin:80 - create IPUIPlugin
2023-11-05 19:12:57,571 [INFO] PluginManager:220 - loadIPPluginJar : add fatfs
2023-11-05 19:12:57,605 [INFO] IPUIPlugin:80 - create IPUIPlugin
2023-11-05 19:12:57,605 [INFO] PluginManager:220 - loadIPPluginJar : add fmc
2023-11-05 19:12:57,617 [INFO] IPUIPlugin:80 - create IPUIPlugin
2023-11-05 19:12:57,618 [INFO] PluginManager:220 - loadIPPluginJar : add freertos
2023-11-05 19:12:57,633 [INFO] IPUIPlugin:80 - create IPUIPlugin
2023-11-05 19:12:57,633 [INFO] PluginManager:220 - loadIPPluginJar : add genericplugin
2023-11-05 19:12:57,702 [INFO] IPUIPlugin:80 - create IPUIPlugin
2023-11-05 19:12:57,702 [INFO] PluginManager:220 - loadIPPluginJar : add gfxmmu
2023-11-05 19:12:57,802 [INFO] IPUIPlugin:80 - create IPUIPlugin
2023-11-05 19:12:57,802 [INFO] PluginManager:220 - loadIPPluginJar : add gic
2023-11-05 19:12:57,813 [INFO] IPUIPlugin:80 - create IPUIPlugin
2023-11-05 19:12:57,813 [INFO] PluginManager:220 - loadIPPluginJar : add gpio
2023-11-05 19:12:57,880 [INFO] IPUIPlugin:80 - create IPUIPlugin
2023-11-05 19:12:57,880 [INFO] PluginManager:220 - loadIPPluginJar : add gtzc
2023-11-05 19:12:57,905 [INFO] IPUIPlugin:80 - create IPUIPlugin
2023-11-05 19:12:57,906 [INFO] PluginManager:220 - loadIPPluginJar : add hash
2023-11-05 19:12:57,944 [INFO] IPUIPlugin:80 - create IPUIPlugin
2023-11-05 19:12:57,944 [INFO] PluginManager:220 - loadIPPluginJar : add i2c
2023-11-05 19:12:57,971 [INFO] IPUIPlugin:80 - create IPUIPlugin
2023-11-05 19:12:57,972 [INFO] PluginManager:220 - loadIPPluginJar : add i2s
2023-11-05 19:12:58,002 [INFO] IPUIPlugin:80 - create IPUIPlugin
2023-11-05 19:12:58,002 [INFO] PluginManager:220 - loadIPPluginJar : add i3c
2023-11-05 19:12:58,084 [INFO] IPUIPlugin:80 - create IPUIPlugin
2023-11-05 19:12:58,084 [INFO] PluginManager:220 - loadIPPluginJar : add ipddr
2023-11-05 19:12:58,157 [INFO] IPUIPlugin:80 - create IPUIPlugin
2023-11-05 19:12:58,157 [INFO] PluginManager:220 - loadIPPluginJar : add linkedlist
2023-11-05 19:12:58,182 [INFO] IPUIPlugin:80 - create IPUIPlugin
2023-11-05 19:12:58,182 [INFO] PluginManager:220 - loadIPPluginJar : add lorawan
2023-11-05 19:12:58,209 [INFO] IPUIPlugin:80 - create IPUIPlugin
2023-11-05 19:12:58,209 [INFO] PluginManager:220 - loadIPPluginJar : add ltdc
2023-11-05 19:12:58,221 [INFO] IPUIPlugin:80 - create IPUIPlugin
2023-11-05 19:12:58,221 [INFO] PluginManager:220 - loadIPPluginJar : add mdma
2023-11-05 19:12:58,233 [INFO] IPUIPlugin:80 - create IPUIPlugin
2023-11-05 19:12:58,233 [INFO] PluginManager:220 - loadIPPluginJar : add nvic
2023-11-05 19:12:58,258 [INFO] IPUIPlugin:80 - create IPUIPlugin
2023-11-05 19:12:58,258 [INFO] PluginManager:220 - loadIPPluginJar : add opamp
2023-11-05 19:12:58,301 [INFO] IPUIPlugin:80 - create IPUIPlugin
2023-11-05 19:12:58,301 [INFO] PluginManager:220 - loadIPPluginJar : add openamp
2023-11-05 19:12:58,332 [INFO] IPUIPlugin:80 - create IPUIPlugin
2023-11-05 19:12:58,332 [INFO] PluginManager:220 - loadIPPluginJar : add pdm2pcm
2023-11-05 19:12:58,344 [INFO] IPUIPlugin:80 - create IPUIPlugin
2023-11-05 19:12:58,348 [INFO] PluginManager:220 - loadIPPluginJar : add plateformsettings
2023-11-05 19:12:58,363 [INFO] IPUIPlugin:80 - create IPUIPlugin
2023-11-05 19:12:58,363 [INFO] PluginManager:220 - loadIPPluginJar : add quadspi
2023-11-05 19:12:58,374 [INFO] IPUIPlugin:80 - create IPUIPlugin
2023-11-05 19:12:58,374 [INFO] PluginManager:220 - loadIPPluginJar : add resmgrutility
2023-11-05 19:12:58,409 [INFO] IPUIPlugin:80 - create IPUIPlugin
2023-11-05 19:12:58,409 [INFO] PluginManager:220 - loadIPPluginJar : add sai
2023-11-05 19:12:58,435 [INFO] IPUIPlugin:80 - create IPUIPlugin
2023-11-05 19:12:58,436 [INFO] PluginManager:220 - loadIPPluginJar : add spi
2023-11-05 19:12:58,478 [INFO] IPUIPlugin:80 - create IPUIPlugin
2023-11-05 19:12:58,478 [INFO] PluginManager:220 - loadIPPluginJar : add stm32_wpan
2023-11-05 19:12:58,494 [INFO] IPUIPlugin:80 - create IPUIPlugin
2023-11-05 19:12:58,495 [INFO] PluginManager:220 - loadIPPluginJar : add tim
2023-11-05 19:12:58,535 [INFO] IPUIPlugin:80 - create IPUIPlugin
2023-11-05 19:12:58,535 [INFO] PluginManager:220 - loadIPPluginJar : add touchsensing
2023-11-05 19:12:58,551 [INFO] IPUIPlugin:80 - create IPUIPlugin
2023-11-05 19:12:58,551 [INFO] PluginManager:220 - loadIPPluginJar : add tracer_emb
2023-11-05 19:12:58,567 [INFO] IPUIPlugin:80 - create IPUIPlugin
2023-11-05 19:12:58,567 [INFO] PluginManager:220 - loadIPPluginJar : add ts
2023-11-05 19:12:58,583 [INFO] IPUIPlugin:80 - create IPUIPlugin
2023-11-05 19:12:58,583 [INFO] PluginManager:220 - loadIPPluginJar : add tsc
2023-11-05 19:12:58,599 [INFO] IPUIPlugin:80 - create IPUIPlugin
2023-11-05 19:12:58,599 [INFO] PluginManager:220 - loadIPPluginJar : add ucpd
2023-11-05 19:12:58,630 [INFO] IPUIPlugin:80 - create IPUIPlugin
2023-11-05 19:12:58,630 [INFO] PluginManager:220 - loadIPPluginJar : add usart
2023-11-05 19:12:58,664 [INFO] IPUIPlugin:80 - create IPUIPlugin
2023-11-05 19:12:58,664 [INFO] PluginManager:220 - loadIPPluginJar : add usbx
2023-11-05 19:12:58,803 [INFO] CADModel:165 - CPN selected for project level
2023-11-05 19:12:58,803 [INFO] CADModel:114 - Register for checkConnection events
2023-11-05 19:12:58,805 [FATAL] Updater:308 - Updater called before beeing initialized
2023-11-05 19:12:58,805 [ERROR] CADModel:125 - Updater not yet initialized, retry later 
2023-11-05 19:12:58,963 [INFO] CADModel:165 - CPN selected for project level
2023-11-05 19:12:58,963 [INFO] CADModel:114 - Register for checkConnection events
2023-11-05 19:12:58,963 [FATAL] Updater:308 - Updater called before beeing initialized
2023-11-05 19:12:58,963 [ERROR] CADModel:125 - Updater not yet initialized, retry later 
2023-11-05 19:12:58,968 [FATAL] Updater:308 - Updater called before beeing initialized
2023-11-05 19:12:59,051 [FATAL] Updater:308 - Updater called before beeing initialized
2023-11-05 19:12:59,062 [INFO] DbMcusAds:53 - JSON generation date=Tue Mar 07 15:50:55 ICT 2023 (1678179055416)
2023-11-05 19:12:59,062 [FATAL] Updater:308 - Updater called before beeing initialized
2023-11-05 19:12:59,135 [WARN] DetailPanel:346 - Failed to get advertising image, set to default
2023-11-05 19:12:59,213 [FATAL] Updater:308 - Updater called before beeing initialized
2023-11-05 19:12:59,215 [FATAL] Updater:308 - Updater called before beeing initialized
2023-11-05 19:12:59,215 [FATAL] Updater:308 - Updater called before beeing initialized
2023-11-05 19:12:59,215 [WARN] DetailPanel:346 - Failed to get advertising image, set to default
2023-11-05 19:12:59,216 [FATAL] Updater:308 - Updater called before beeing initialized
2023-11-05 19:12:59,266 [ERROR] Updater:1120 - MainUpdater not yet initialized. External WinMGr cannot be set.
2023-11-05 19:12:59,275 [INFO] Updater:1056 - Updater Version found : 6.9.1
2023-11-05 19:12:59,292 [INFO] ApplicationProperties:184 - Using Application install path: C:\Program Files (x86)\STM32CubeIDE_1.13.1\STM32CubeIDE\plugins\com.st.stm32cube.common.mx_6.9.1.202307191849
2023-11-05 19:12:59,540 [INFO] MainUpdater:2868 - connection check result : 10
2023-11-05 19:12:59,541 [INFO] MainUpdater:285 - Updater Check For Update Now.
2023-11-05 19:12:59,541 [INFO] MicroXplorer:498 - Change Database Version : DB.6.0.91
2023-11-05 19:12:59,558 [INFO] McuFinderGlobals:63 - Set McuFinder mode to 2 (CubeIDE integrated)
2023-11-05 19:12:59,745 [INFO] CheckServerUpdateThread:120 - End of CheckServer Thread
2023-11-05 19:12:59,925 [WARN] PackLoader:240 - Cannot read IP mode file for STMicroelectronics.X-CUBE-SMBUS.2.1.0
2023-11-05 19:12:59,979 [WARN] PackLoader:240 - Cannot read IP mode file for STMicroelectronics.X-CUBE-AZRTOS-F7.1.1.0
2023-11-05 19:13:00,003 [WARN] PackLoader:240 - Cannot read IP mode file for STMicroelectronics.FP-SNS-MOTENV1.4.3.2
2023-11-05 19:13:00,034 [WARN] PackLoader:240 - Cannot read IP mode file for STMicroelectronics.FP-SNS-FLIGHT1.5.0.2
2023-11-05 19:13:00,055 [WARN] PackLoader:240 - Cannot read IP mode file for STMicroelectronics.X-CUBE-DISPLAY.3.0.0
2023-11-05 19:13:00,080 [WARN] PackLoader:240 - Cannot read IP mode file for STMicroelectronics.X-CUBE-BLE1.7.0.0
2023-11-05 19:13:00,098 [WARN] PackLoader:240 - Cannot read IP mode file for emotas.I-CUBE-CANOPEN.1.3.0
2023-11-05 19:13:00,113 [WARN] PackLoader:240 - Cannot read IP mode file for STMicroelectronics.X-CUBE-TOUCHGFX.4.22.0
2023-11-05 19:13:00,127 [WARN] PackLoader:240 - Cannot read IP mode file for STMicroelectronics.X-CUBE-TOUCHGFX.4.22.1
2023-11-05 19:13:00,143 [WARN] PackLoader:240 - Cannot read IP mode file for STMicroelectronics.FP-SNS-SMARTAG2.1.2.0
2023-11-05 19:13:00,166 [INFO] LogOutputStream:77 - [STDOUT_REDIRECT] 1 : Invalid condition id : UX_CORESTACK_Condition cause : null
2023-11-05 19:13:00,167 [INFO] LogOutputStream:77 - [STDOUT_REDIRECT] 1 : Invalid condition id : UX_CORESTACK_Condition cause : null
2023-11-05 19:13:00,168 [INFO] LogOutputStream:77 - [STDOUT_REDIRECT] 1 : Invalid condition id : UX_CORESTACK_Condition cause : null
2023-11-05 19:13:00,169 [INFO] LogOutputStream:77 - [STDOUT_REDIRECT] 1 : Invalid condition id : UX_CORESTACK_Condition cause : null
2023-11-05 19:13:00,170 [INFO] LogOutputStream:77 - [STDOUT_REDIRECT] 1 : Invalid condition id : UX_CORESTACK_Condition cause : null
2023-11-05 19:13:00,175 [WARN] PackLoader:240 - Cannot read IP mode file for STMicroelectronics.X-CUBE-AZRTOS-WL.2.0.0
2023-11-05 19:13:00,196 [WARN] PackLoader:240 - Cannot read IP mode file for WES.I-CUBE-Cesium.1.3.0
2023-11-05 19:13:00,212 [WARN] PackLoader:240 - Cannot read IP mode file for STMicroelectronics.X-CUBE-BLE2.3.3.0
2023-11-05 19:13:00,229 [WARN] PackLoader:240 - Cannot read IP mode file for STMicroelectronics.X-CUBE-ALGOBUILD.1.3.0
2023-11-05 19:13:00,265 [WARN] PackLoader:240 - Cannot read IP mode file for STMicroelectronics.X-CUBE-AZRTOS-G0.1.1.0
2023-11-05 19:13:00,282 [WARN] PackLoader:240 - Cannot read IP mode file for STMicroelectronics.X-CUBE-NFC4.3.0.0
2023-11-05 19:13:00,299 [WARN] PackLoader:240 - Cannot read IP mode file for STMicroelectronics.X-CUBE-BLEMGR.3.0.0
2023-11-05 19:13:00,310 [WARN] PackLoader:240 - Cannot read IP mode file for STMicroelectronics.FP-ATR-SIGFOX1.3.2.0
2023-11-05 19:13:00,356 [WARN] PackLoader:240 - Cannot read IP mode file for SEGGER.I-CUBE-embOS.1.3.1
2023-11-05 19:13:00,411 [WARN] PackLoader:240 - Cannot read IP mode file for STMicroelectronics.X-CUBE-GNSS1.6.0.0
2023-11-05 19:13:00,439 [WARN] PackLoader:240 - Cannot read IP mode file for STMicroelectronics.X-CUBE-AZRTOS-F4.1.1.0
2023-11-05 19:13:00,455 [WARN] PackLoader:240 - Cannot read IP mode file for wolfSSL.I-CUBE-wolfSSL.5.6.3
2023-11-05 19:13:00,479 [WARN] PackLoader:240 - Cannot read IP mode file for STMicroelectronics.X-CUBE-AZRTOS-L5.2.0.0
2023-11-05 19:13:00,522 [WARN] PackLoader:240 - Cannot read IP mode file for STMicroelectronics.X-CUBE-MEMS1.9.6.0
2023-11-05 19:13:00,650 [WARN] PackLoader:240 - Cannot read IP mode file for STMicroelectronics.X-CUBE-EEPRMA1.4.2.0
2023-11-05 19:13:00,664 [WARN] PackLoader:240 - Cannot read IP mode file for ITTIA_DB.I-CUBE-ITTIADB.8.8.0
2023-11-05 19:13:00,679 [WARN] PackLoader:240 - Cannot read IP mode file for STMicroelectronics.X-CUBE-BLEMGR.2.0.0
2023-11-05 19:13:00,706 [WARN] ConditionMgr:438 - getConditionDescription Invalid condition id : UX DEVICE CLASS RTOS Condition cause : null
2023-11-05 19:13:00,706 [WARN] ConditionMgr:438 - getConditionDescription Invalid condition id : UX DEVICE CLASS RTOS Condition cause : null
2023-11-05 19:13:00,708 [WARN] PackLoader:240 - Cannot read IP mode file for STMicroelectronics.X-CUBE-AZRTOS-H7.3.1.0
2023-11-05 19:13:00,709 [WARN] ConditionMgr:1039 - genDependencies : Invalid condition id : UX DEVICE CLASS RTOS Condition cause : null
2023-11-05 19:13:00,709 [WARN] ConditionMgr:1039 - genDependencies : Invalid condition id : UX DEVICE CLASS RTOS Condition cause : null
2023-11-05 19:13:00,710 [WARN] ConditionMgr:1039 - genDependencies : Invalid condition id : UX DEVICE CLASS RTOS Condition cause : null
2023-11-05 19:13:00,710 [WARN] ConditionMgr:1039 - genDependencies : Invalid condition id : UX DEVICE CLASS RTOS Condition cause : null
2023-11-05 19:13:00,710 [WARN] ConditionMgr:1039 - genDependencies : Invalid condition id : UX DEVICE CLASS RTOS Condition cause : null
2023-11-05 19:13:00,724 [WARN] PackLoader:240 - Cannot read IP mode file for STMicroelectronics.X-CUBE-NFC7.1.0.1
2023-11-05 19:13:00,739 [WARN] PackLoader:240 - Cannot read IP mode file for STMicroelectronics.X-CUBE-NFC6.3.0.0
2023-11-05 19:13:00,751 [WARN] PackLoader:240 - Cannot read IP mode file for STMicroelectronics.X-CUBE-EEPRMA1.4.1.0
2023-11-05 19:13:00,761 [WARN] PackLoader:240 - Cannot read IP mode file for STMicroelectronics.X-CUBE-AI.8.1.0
2023-11-05 19:13:00,786 [WARN] ConditionMgr:438 - getConditionDescription Invalid condition id : LAN8742 Phy interface Condition cause : null
2023-11-05 19:13:00,787 [WARN] PackLoader:240 - Cannot read IP mode file for STMicroelectronics.X-CUBE-AZRTOS-L4.2.0.0
2023-11-05 19:13:00,788 [WARN] ConditionMgr:1039 - genDependencies : Invalid condition id : LAN8742 Phy interface Condition cause : null
2023-11-05 19:13:00,788 [WARN] ConditionMgr:1039 - genDependencies : Invalid condition id : LAN8742 Phy interface Condition cause : null
2023-11-05 19:13:00,789 [WARN] ConditionMgr:1039 - genDependencies : Invalid condition id : LAN8742 Phy interface Condition cause : null
2023-11-05 19:13:00,802 [WARN] PackLoader:240 - Cannot read IP mode file for STMicroelectronics.X-CUBE-SFXS2LP1.4.0.0
2023-11-05 19:13:00,815 [WARN] PackLoader:240 - Cannot read IP mode file for STMicroelectronics.X-CUBE-ISPU.1.1.0
2023-11-05 19:13:00,834 [WARN] ConditionMgr:438 - getConditionDescription Invalid condition id : UX DEVICE CLASS RTOS Condition cause : null
2023-11-05 19:13:00,834 [WARN] ConditionMgr:438 - getConditionDescription Invalid condition id : UX DEVICE CLASS RTOS Condition cause : null
2023-11-05 19:13:00,843 [WARN] PackLoader:240 - Cannot read IP mode file for STMicroelectronics.X-CUBE-AZRTOS-WB.2.0.0
2023-11-05 19:13:00,844 [WARN] ConditionMgr:1039 - genDependencies : Invalid condition id : UX DEVICE CLASS RTOS Condition cause : null
2023-11-05 19:13:00,844 [WARN] ConditionMgr:1039 - genDependencies : Invalid condition id : UX DEVICE CLASS RTOS Condition cause : null
2023-11-05 19:13:00,844 [WARN] ConditionMgr:1039 - genDependencies : Invalid condition id : UX DEVICE CLASS RTOS Condition cause : null
2023-11-05 19:13:00,845 [WARN] ConditionMgr:1039 - genDependencies : Invalid condition id : UX DEVICE CLASS RTOS Condition cause : null
2023-11-05 19:13:00,845 [WARN] ConditionMgr:1039 - genDependencies : Invalid condition id : UX DEVICE CLASS RTOS Condition cause : null
2023-11-05 19:13:00,862 [WARN] PackLoader:240 - Cannot read IP mode file for STMicroelectronics.X-CUBE-SUBG2.5.0.0
2023-11-05 19:13:00,880 [WARN] PackLoader:240 - Cannot read IP mode file for STMicroelectronics.X-CUBE-TOF1.3.3.1
2023-11-05 19:13:00,909 [WARN] PackLoader:240 - Cannot read IP mode file for STMicroelectronics.X-CUBE-AZRTOS-G4.2.0.0
2023-11-05 19:13:00,930 [WARN] PackLoader:240 - Cannot read IP mode file for Infineon.AIROC-Wi-Fi-Bluetooth-STM32.1.5.1
2023-11-05 19:13:00,972 [WARN] PackLoader:240 - Cannot read IP mode file for STMicroelectronics.X-CUBE-MEMS1.10.0.0
2023-11-05 19:13:01,071 [WARN] PackLoader:240 - Cannot read IP mode file for STMicroelectronics.X-CUBE-FREERTOS.1.1.0
2023-11-05 19:13:01,086 [WARN] PackLoader:240 - Cannot read IP mode file for portGmbH.I-Cube-SoM-uGOAL.1.1.0
2023-11-05 19:13:01,100 [WARN] PackLoader:240 - Cannot read IP mode file for STMicroelectronics.X-CUBE-ALS.1.0.1
2023-11-05 19:13:01,124 [WARN] PackLoader:240 - Cannot read IP mode file for STMicroelectronics.FP-ATR-ASTRA1.2.0.0
2023-11-05 19:13:01,125 [INFO] ThirdParty:978 - Integrity check success = true
2023-11-05 19:13:01,125 [INFO] IntegrityCheckThread:100 - exiting critical section [integrity check]
2023-11-05 19:13:01,125 [INFO] IntegrityCheckThread:103 - End integrity checks thread
2023-11-05 19:13:20,424 [ERROR] LogOutputStream:75 - [STDERR_REDIRECT] SLF4J: Failed to load class "org.slf4j.impl.StaticLoggerBinder".
2023-11-05 19:13:20,425 [ERROR] LogOutputStream:75 - [STDERR_REDIRECT] SLF4J: Defaulting to no-operation (NOP) logger implementation
2023-11-05 19:13:20,426 [ERROR] LogOutputStream:75 - [STDERR_REDIRECT] SLF4J: See http://www.slf4j.org/codes.html#StaticLoggerBinder for further details.
